<?xml version="1.0" encoding="UTF-8"?>
<!-- Generated by org.testng.reporters.JUnitXMLReporter -->
<testsuite ignored="0" hostname="ASDLAPKCH0119" failures="0" tests="7" name="Default test" time="9.628" errors="0" timestamp="2023-09-20T16:12:43 IST">
  <testcase classname="com.saucedemo.tests.LoginTests" name="TC006_navigateBrowserForward" time="0.02"/>
  <testcase classname="com.saucedemo.tests.LoginTests" name="TC007_navigateBrowserBack" time="0.007"/>
  <testcase classname="com.saucedemo.tests.LoginTests" name="TC002_invalidCredentials" time="1.0"/>
  <testcase classname="com.saucedemo.tests.LoginTests" name="TC004_validPasswordInvalidUsername" time="0.934"/>
  <testcase classname="com.saucedemo.tests.LoginTests" name="TC003_validUsernameInvalidPassword" time="0.963"/>
  <testcase classname="com.saucedemo.tests.LoginTests" name="TC005_loginWithoutCredentials" time="1.263"/>
  <testcase classname="com.saucedemo.tests.LoginTests" name="TC001_loginValidCredentials" time="0.315"/>
</testsuite> <!-- Default test -->
