<?xml version="1.0" encoding="UTF-8"?>
<!-- Generated by org.testng.reporters.JUnitXMLReporter -->
<testsuite ignored="0" hostname="ASDLAPKCH0119" failures="3" tests="21" name="Parallel Tests Edge" time="39.468" errors="0" timestamp="2023-10-12T15:06:29 IST">
  <testcase classname="com.saucedemo.tests.ProductTest" name="TC014_sortDescendingOrder" time="2.561"/>
  <testcase classname="com.saucedemo.tests.ProductTest" name="TC015_sortLowToHigh" time="0.517"/>
  <testcase classname="com.saucedemo.tests.ProductTest" name="TC016_sortHighToLow" time="0.554"/>
  <testcase classname="com.saucedemo.tests.ProductTest" name="TC013_sortAscendingOrder" time="0.527"/>
  <testcase classname="com.saucedemo.tests.ProductTest" name="TC008_addToCart" time="0.25"/>
  <testcase classname="com.saucedemo.tests.ProductTest" name="TC009_addToAllCart" time="3.01"/>
  <testcase classname="com.saucedemo.tests.ProductTest" name="TC012_deSelectAddToCart" time="1.245"/>
  <testcase classname="com.saucedemo.tests.ProductTest" name="TC017_verifyShoppingCartButton" time="0.249"/>
  <testcase classname="com.saucedemo.tests.ProductTest" name="TC018_verifyRemoveButton" time="2.291"/>
  <testcase classname="com.saucedemo.tests.ProductTest" name="TC019_verifyCheckoutButton" time="0.272"/>
  <testcase classname="com.saucedemo.tests.ProductTest" name="TC020_verifyContinueShoppingButton" time="0.091"/>
  <testcase classname="com.saucedemo.tests.ProductTest" name="TC021_verifyCancelButton" time="0.029"/>
  <testcase classname="com.saucedemo.tests.ProductTest" name="TC022_verifyContinueButtonWithoutFirstName" time="3.346"/>
  <testcase classname="com.saucedemo.tests.ProductTest" name="TC023_verifyContinueButtonWithoutLastName" time="2.269">
    <failure type="java.lang.IllegalArgumentException" message="Keys to send should be a not null CharSequence">
      <![CDATA[java.lang.IllegalArgumentException: Keys to send should be a not null CharSequence
at org.openqa.selenium.remote.RemoteWebElement.sendKeys(RemoteWebElement.java:97)
at com.saucedemo.pages.CheckOutInfoPage.verifyCart(CheckOutInfoPage.java:22)
at com.saucedemo.tests.ProductTest.TC023_verifyContinueButtonWithoutLastName(ProductTest.java:167)
at java.base/java.util.ArrayList.forEach(ArrayList.java:1511)
... Removed 25 stack frames]]>
    </failure>
  </testcase> <!-- TC023_verifyContinueButtonWithoutLastName -->
  <testcase classname="com.saucedemo.tests.ProductTest" name="TC024_verifyContinueButtonWithoutPostalCode" time="2.255">
    <failure type="java.lang.IllegalArgumentException" message="Keys to send should be a not null CharSequence">
      <![CDATA[java.lang.IllegalArgumentException: Keys to send should be a not null CharSequence
at org.openqa.selenium.remote.RemoteWebElement.sendKeys(RemoteWebElement.java:97)
at com.saucedemo.pages.CheckOutInfoPage.verifyCart(CheckOutInfoPage.java:23)
at com.saucedemo.tests.ProductTest.TC024_verifyContinueButtonWithoutPostalCode(ProductTest.java:178)
at java.base/java.util.ArrayList.forEach(ArrayList.java:1511)
... Removed 25 stack frames]]>
    </failure>
  </testcase> <!-- TC024_verifyContinueButtonWithoutPostalCode -->
  <testcase classname="com.saucedemo.tests.ProductTest" name="TC025_verifyContinueButtonWithAllDetails" time="5.568"/>
  <testcase classname="com.saucedemo.tests.ProductTest" name="TC027_verifyCancelButtonInCheckoutPage" time="0.02"/>
  <testcase classname="com.saucedemo.tests.ProductTest" name="TC026_verifyFinishButtonInCheckoutPage" time="0.25"/>
  <testcase classname="com.saucedemo.tests.ProductTest" name="TC007_navigateBrowserBack" time="2.037"/>
  <testcase classname="com.saucedemo.tests.ProductTest" name="TC006_navigateBrowserForward" time="2.022"/>
  <testcase classname="com.saucedemo.tests.ProductTest" name="TC030_verifyThankYouMessageInOverviewPage" time="0.018">
    <failure type="java.lang.AssertionError" message="expected [Thank you for your order!] but found [[[FirefoxDriver: firefox on windows (cdc02391-e596-4e8b-b280-37ac50f5f86f)] -&amp;gt; xpath: //h2[contains(text(),&amp;apos;Thank you for your order!&amp;apos;)]]]">
      <![CDATA[java.lang.AssertionError: expected [Thank you for your order!] but found [[[FirefoxDriver: firefox on windows (cdc02391-e596-4e8b-b280-37ac50f5f86f)] -> xpath: //h2[contains(text(),'Thank you for your order!')]]]
at com.saucedemo.keywords.Keywords.assertEquals(Keywords.java:230)
at com.saucedemo.pages.CompletePage.verifyThankYouMessage(CompletePage.java:17)
at com.saucedemo.tests.ProductTest.TC030_verifyThankYouMessageInOverviewPage(ProductTest.java:220)
at java.base/java.util.ArrayList.forEach(ArrayList.java:1511)
... Removed 30 stack frames]]>
    </failure>
  </testcase> <!-- TC030_verifyThankYouMessageInOverviewPage -->
</testsuite> <!-- Parallel Tests Edge -->
