<?xml version="1.0" encoding="UTF-8"?>
<!-- Generated by org.testng.reporters.JUnitXMLReporter -->
<testsuite ignored="1" hostname="ASDLAPKCH0119" failures="0" tests="21" name="Test" time="41.339" errors="0" timestamp="2023-09-20T17:36:16 IST">
  <testcase classname="com.saucedemo.tests.LoginTests" name="TC006_navigateBrowserForward" time="0.019"/>
  <testcase classname="com.saucedemo.tests.LoginTests" name="TC007_navigateBrowserBack" time="0.01"/>
  <testcase classname="com.saucedemo.tests.LoginTests" name="TC002_invalidCredentials" time="1.294"/>
  <testcase classname="com.saucedemo.tests.LoginTests" name="TC004_validPasswordInvalidUsername" time="1.165"/>
  <testcase classname="com.saucedemo.tests.LoginTests" name="TC003_validUsernameInvalidPassword" time="1.215"/>
  <testcase classname="com.saucedemo.tests.LoginTests" name="TC005_loginWithoutCredentials" time="1.202"/>
  <testcase classname="com.saucedemo.tests.LoginTests" name="TC001_loginValidCredentials" time="0.378"/>
  <testcase classname="com.saucedemo.tests.ProductTest" name="TC014_sortDescendingOrder" time="0.671"/>
  <testcase classname="com.saucedemo.tests.ProductTest" name="TC015_sortLowToHigh" time="0.666"/>
  <testcase classname="com.saucedemo.tests.ProductTest" name="TC016_sortHighToLow" time="0.624"/>
  <testcase classname="com.saucedemo.tests.ProductTest" name="TC013_sortAscendingOrder" time="0.634"/>
  <testcase classname="com.saucedemo.tests.ProductTest" name="TC008_addToCart" time="3.208"/>
  <testcase classname="com.saucedemo.tests.ProductTest" name="TC012_deSelectAddToCart" time="1.27"/>
  <testcase classname="com.saucedemo.tests.ProductTest" name="TC017_verifyShoppingCartButton" time="0.263"/>
  <testcase classname="com.saucedemo.tests.ProductTest" name="TC018_verifyRemoveButton" time="3.263"/>
  <testcase classname="com.saucedemo.tests.ProductTest" name="TC019_verifyCheckoutButton" time="0.245"/>
  <testcase classname="com.saucedemo.tests.ProductTest" name="TC022_verifyContinueButtonWithoutFirstName" time="2.258"/>
  <testcase classname="com.saucedemo.tests.ProductTest" name="TC023_verifyContinueButtonWithoutLastName" time="2.421"/>
  <testcase classname="com.saucedemo.tests.ProductTest" name="TC024_verifyContinueButtonWithoutPostalCode" time="2.385"/>
  <testcase classname="com.saucedemo.tests.ProductTest" name="TC025_verifyContinueButtonWithAllDetails" time="2.397"/>
  <testcase classname="com.saucedemo.tests.ProductTest" name="TC026_verifyFinishButtonInCheckoutPage" time="4.284"/>
  <testcase classname="com.base.TestBase" name="@AfterSuite tearDown" time="0.0">
    <ignored/>
  </testcase> <!-- @AfterSuite tearDown -->
</testsuite> <!-- Test -->
